process 2 is doing 1 iteration out of 1
2: process 2 (pid  3332, parent  3330) has STARTED with balance $20
process 2 is doing 2 iteration out of 2
process 2 is doing 3 iteration out of 3
2: process 2 received $20 from process 1
process 2 is doing 4 iteration out of 4
2: process 2 transferred $19 to process 3
process 2 is doing 5 iteration out of 5
process 2 is doing 6 iteration out of 6
process 2 is doing 7 iteration out of 7
process 2 is doing 8 iteration out of 8
process 2 is doing 9 iteration out of 9
2: process 2 has DONE with balance $19
process 2 is doing 10 iteration out of 10


process 2 is doing 11 iteration out of 11
2: process 2 received all DONE messages
process 1 is doing 1 iteration out of 1
1: process 1 (pid  3331, parent  3330) has STARTED with balance $10
process 1 is doing 2 iteration out of 2
1: process 1 transferred $ 9 to process 2
process 1 is doing 3 iteration out of 3
process 1 is doing 4 iteration out of 4
process 1 is doing 5 iteration out of 5
process 1 is doing 6 iteration out of 6
process 1 is doing 7 iteration out of 7
1: process 1 received $ 9 from process 3
process 1 is doing 8 iteration out of 8
process 1 is doing 9 iteration out of 9
1: process 1 has DONE with balance $10
process 1 is doing 10 iteration out of 10


process 1 is doing 11 iteration out of 11
1: process 1 received all DONE messages
process 3 is doing 1 iteration out of 1
3: process 3 (pid  3333, parent  3330) has STARTED with balance $30
process 3 is doing 2 iteration out of 2
process 3 is doing 3 iteration out of 3
process 3 is doing 4 iteration out of 4
process 3 is doing 5 iteration out of 5
3: process 3 received $30 from process 2
process 3 is doing 6 iteration out of 6
3: process 3 transferred $31 to process 1
process 3 is doing 7 iteration out of 7
process 3 is doing 8 iteration out of 8
process 3 is doing 9 iteration out of 9
3: process 3 has DONE with balance $31
process 3 is doing 10 iteration out of 10


process 3 is doing 11 iteration out of 11
3: process 3 received all DONE messages
0: process 0 received all STARTED messages



0: process 0 received all DONE messages
