
----------2: "START" -----------------
2: Sent message "START" to other process
2: received "TRANSFER"tranfer to 3
2: Received "STOP" from parent process
2: Received "STOP" from parent process
Child process-2 received "DONE", 1/2
Child process-2 received "DONE", 2/2

----------1: "START" -----------------
1: Sent message "START" to other process
tranfer to 2
1: received "TRANSFER"1: Received "STOP" from parent process
1: Received "STOP" from parent process
Child process-1 received "DONE", 1/2
Child process-1 received "DONE", 2/2

----------3: "START" -----------------
3: Sent message "START" to other process
3: received "TRANSFER"tranfer to 1
3: Received "STOP" from parent process
3: Received "STOP" from parent process
Child process-3 received "DONE", 1/2
Child process-3 received "DONE", 2/2

----------Parent process "START" -----------------
 3330) has STARTED with balance $10
 3330) has STARTED with balance $20
 3330) has STARTED with balance $30
0: process 0 received all STARTED messages
Parent process sent "STOP"
0: process 0 received all DONE messages
main process recieve all history
